INFO:/home/lembo/tipping_optimesm/optimesm-tipping/hunt_CMIP6.py:MIP: ScenarioMIP
INFO:/home/lembo/tipping_optimesm/optimesm-tipping/hunt_CMIP6.py:MODEL GROUP: AS-RCEC
INFO:/home/lembo/tipping_optimesm/optimesm-tipping/hunt_CMIP6.py:MODEL: TaiESM1
INFO:/home/lembo/tipping_optimesm/optimesm-tipping/hunt_CMIP6.py:In MODEL DIR: ['ssp370', 'ssp585', 'ssp245', 'ssp126']
INFO:/home/lembo/tipping_optimesm/optimesm-tipping/hunt_CMIP6.py:SCENARIO: ssp585
INFO:/home/lembo/tipping_optimesm/optimesm-tipping/hunt_CMIP6.py:RUN: r1i1p1f1
INFO:/home/lembo/tipping_optimesm/optimesm-tipping/hunt_CMIP6.py:DOMAIN: SImon
INFO:/home/lembo/tipping_optimesm/optimesm-tipping/hunt_CMIP6.py:[{'SImon': ['siconc']}, {'Amon': ['tas']}]
INFO:/home/lembo/tipping_optimesm/optimesm-tipping/hunt_CMIP6.py:VAR: siconc
INFO:/home/lembo/tipping_optimesm/optimesm-tipping/hunt_CMIP6.py:GRID: gn
INFO:/home/lembo/tipping_optimesm/optimesm-tipping/hunt_CMIP6.py:VERS: v20211004
INFO:/home/lembo/tipping_optimesm/optimesm-tipping/hunt_CMIP6.py:DOMAIN: Amon
INFO:/home/lembo/tipping_optimesm/optimesm-tipping/hunt_CMIP6.py:[{'SImon': ['siconc']}, {'Amon': ['tas']}]
INFO:/home/lembo/tipping_optimesm/optimesm-tipping/hunt_CMIP6.py:VAR: tas
INFO:/home/lembo/tipping_optimesm/optimesm-tipping/hunt_CMIP6.py:GRID: gn
INFO:/home/lembo/tipping_optimesm/optimesm-tipping/hunt_CMIP6.py:VERS: v20200901
INFO:/home/lembo/tipping_optimesm/optimesm-tipping/hunt_CMIP6.py:Run r2i1p1f1 is not available
INFO:/home/lembo/tipping_optimesm/optimesm-tipping/hunt_CMIP6.py:MODEL GROUP: AWI
INFO:/home/lembo/tipping_optimesm/optimesm-tipping/hunt_CMIP6.py:MODEL: AWI-CM-1-1-MR
INFO:/home/lembo/tipping_optimesm/optimesm-tipping/hunt_CMIP6.py:In MODEL DIR: ['ssp585', 'ssp370', 'ssp126', 'ssp245']
INFO:/home/lembo/tipping_optimesm/optimesm-tipping/hunt_CMIP6.py:SCENARIO: ssp585
INFO:/home/lembo/tipping_optimesm/optimesm-tipping/hunt_CMIP6.py:RUN: r1i1p1f1
INFO:/home/lembo/tipping_optimesm/optimesm-tipping/hunt_CMIP6.py:DOMAIN: SImon
INFO:/home/lembo/tipping_optimesm/optimesm-tipping/hunt_CMIP6.py:No variable in SImon domain
INFO:/home/lembo/tipping_optimesm/optimesm-tipping/hunt_CMIP6.py:DOMAIN: Amon
INFO:/home/lembo/tipping_optimesm/optimesm-tipping/hunt_CMIP6.py:[{'SImon': ['siconc']}, {'Amon': ['tas']}]
INFO:/home/lembo/tipping_optimesm/optimesm-tipping/hunt_CMIP6.py:VAR: tas
INFO:/home/lembo/tipping_optimesm/optimesm-tipping/hunt_CMIP6.py:GRID: gn
INFO:/home/lembo/tipping_optimesm/optimesm-tipping/hunt_CMIP6.py:VERS: v20190529
INFO:/home/lembo/tipping_optimesm/optimesm-tipping/hunt_CMIP6.py:Run r2i1p1f1 is not available
INFO:/home/lembo/tipping_optimesm/optimesm-tipping/hunt_CMIP6.py:MODEL GROUP: BCC
INFO:/home/lembo/tipping_optimesm/optimesm-tipping/hunt_CMIP6.py:MODEL: BCC-CSM2-MR
INFO:/home/lembo/tipping_optimesm/optimesm-tipping/hunt_CMIP6.py:In MODEL DIR: ['ssp370', 'ssp585', 'ssp245', 'ssp126']
INFO:/home/lembo/tipping_optimesm/optimesm-tipping/hunt_CMIP6.py:SCENARIO: ssp585
INFO:/home/lembo/tipping_optimesm/optimesm-tipping/hunt_CMIP6.py:RUN: r1i1p1f1
INFO:/home/lembo/tipping_optimesm/optimesm-tipping/hunt_CMIP6.py:DOMAIN: SImon
INFO:/home/lembo/tipping_optimesm/optimesm-tipping/hunt_CMIP6.py:[{'SImon': ['siconc']}, {'Amon': ['tas']}]
INFO:/home/lembo/tipping_optimesm/optimesm-tipping/hunt_CMIP6.py:VAR: siconc
INFO:/home/lembo/tipping_optimesm/optimesm-tipping/hunt_CMIP6.py:GRID: gn
INFO:/home/lembo/tipping_optimesm/optimesm-tipping/hunt_CMIP6.py:VERS: v20200219
INFO:/home/lembo/tipping_optimesm/optimesm-tipping/hunt_CMIP6.py:DOMAIN: Amon
INFO:/home/lembo/tipping_optimesm/optimesm-tipping/hunt_CMIP6.py:[{'SImon': ['siconc']}, {'Amon': ['tas']}]
INFO:/home/lembo/tipping_optimesm/optimesm-tipping/hunt_CMIP6.py:VAR: tas
INFO:/home/lembo/tipping_optimesm/optimesm-tipping/hunt_CMIP6.py:GRID: gn
INFO:/home/lembo/tipping_optimesm/optimesm-tipping/hunt_CMIP6.py:VERS: v20190314
INFO:/home/lembo/tipping_optimesm/optimesm-tipping/hunt_CMIP6.py:Run r2i1p1f1 is not available
INFO:/home/lembo/tipping_optimesm/optimesm-tipping/hunt_CMIP6.py:MODEL GROUP: CAMS
INFO:/home/lembo/tipping_optimesm/optimesm-tipping/hunt_CMIP6.py:MODEL: CAMS-CSM1-0
INFO:/home/lembo/tipping_optimesm/optimesm-tipping/hunt_CMIP6.py:In MODEL DIR: ['ssp585', 'ssp370', 'ssp245', 'ssp126']
INFO:/home/lembo/tipping_optimesm/optimesm-tipping/hunt_CMIP6.py:SCENARIO: ssp585
INFO:/home/lembo/tipping_optimesm/optimesm-tipping/hunt_CMIP6.py:RUN: r1i1p1f1
INFO:/home/lembo/tipping_optimesm/optimesm-tipping/hunt_CMIP6.py:DOMAIN: SImon
INFO:/home/lembo/tipping_optimesm/optimesm-tipping/hunt_CMIP6.py:[{'SImon': ['siconc']}, {'Amon': ['tas']}]
INFO:/home/lembo/tipping_optimesm/optimesm-tipping/hunt_CMIP6.py:VAR: siconc
INFO:/home/lembo/tipping_optimesm/optimesm-tipping/hunt_CMIP6.py:GRID: gn
INFO:/home/lembo/tipping_optimesm/optimesm-tipping/hunt_CMIP6.py:VERS: v20190708
